<?xml version="1.0" encoding="UTF-8"?>
<!-- Generated by org.testng.reporters.JUnitReportReporter -->
<testsuite hostname="DESKTOP-KBPBMF9" failures="0" tests="1" name="testDeclarationInvestor.HomePageInvestorTest" time="25.503" errors="0" timestamp="2023-10-25T17:04:25 IST" skipped="0">
  <testcase classname="testDeclarationInvestor.HomePageInvestorTest" name="validateRedirectingToFundWebsiteAfterClickingOnPoweredByButton" time="25.503"/>
  <system-out/>
</testsuite> <!-- testDeclarationInvestor.HomePageInvestorTest -->
